|FUNCTION                                : SOURCE                                            : TOTAL(MS)   : AVERAGE(MS) : RELATIVE    : CALLED      |
|require                                 : [C]                                               : 41.000      : 10.250      : 93.18%      :       4     |
|[anonymous]                             : xluaCallCSharp/xluaCallCSharp:0                   : 39.000      : 39.000      : 88.64%      :       1     |
|debugger_print                          : [C#]                                              : 13.000      : 0.361       : 29.55%      :      36     |
|print                                   : LuaDebug:773                                      : 13.000      : 0.722       : 29.55%      :      18     |
|__index                                 : [string "Init"]:9                                 : 6.000       : 0.600       : 13.64%      :      10     |
|import_type                             : [C#]                                              : 6.000       : 0.300       : 13.64%      :      20     |
|[anonymous]                             : [C]                                               : 6.000       : 0.052       : 13.64%      :     115     |
|xluaCallCSharp8                         : [C#]                                              : 5.000       : 2.500       : 11.36%      :       2     |
|__newindex                              : [C]                                               : 5.000       : 2.500       : 11.36%      :       2     |
|xluaCallCSharp6                         : [C#]                                              : 4.000       : 2.000       : 9.09%       :       2     |
|xluaCallCSharp5                         : [C#]                                              : 3.000       : 1.500       : 6.82%       :       2     |
|Load                                    : [C#]                                              : 3.000       : 1.500       : 6.82%       :       2     |
|xluaCallCSharp7                         : [C#]                                              : 3.000       : 1.500       : 6.82%       :       2     |
|[anonymous]                             : xluaCallCSharp/xluaCallCSharp:115                 : 2.000       : 1.000       : 4.55%       :       2     |
|[anonymous]                             : xluaCallCSharp/xluaCallCSharp:111                 : 2.000       : 1.000       : 4.55%       :       2     |
|[anonymous]                             : xluaCallCSharp/xluaCallCSharp:130                 : 2.000       : 1.000       : 4.55%       :       2     |
|xluaCallCSharp9                         : [C#]                                              : 2.000       : 1.000       : 4.55%       :       2     |
|[anonymous]                             : xluaCallCSharp/xluaCallCSharp:81                  : 1.000       : 1.000       : 2.27%       :       1     |
|xluaCallCSharp                          : [C#]                                              : 1.000       : 0.500       : 2.27%       :       2     |
|xluaCallCSharp4_call                    : [C#]                                              : 1.000       : 0.500       : 2.27%       :       2     |
|xluaCallCSharp1                         : [C#]                                              : 1.000       : 0.500       : 2.27%       :       2     |
|xluaCallCSharp1Parent                   : [C#]                                              : 1.000       : 0.500       : 2.27%       :       2     |
|AddComponent                            : [C#]                                              : 1.000       : 0.250       : 2.27%       :       4     |
|Add                                     : [C#]                                              : 0.000       : 0.000       : 0.00%       :       2     |
|[anonymous]                             : CSharpCallxLua/CallLuaFunctionByLuaFun:0          : 0.000       : 0.000       : 0.00%       :       1     |
|start                                   : perf/profiler:47                                  : 0.000       : 0.000       : 0.00%       :       1     |
|[anonymous]                             : CSharpCallxLua/CallLuaByGlableVar:0               : 0.000       : 0.000       : 0.00%       :       1     |
|sethook                                 : [C]                                               : 0.000       : 0.000       : 0.00%       :       2     |
|xluaCallCSharp3Parent                   : [C#]                                              : 0.000       : 0.000       : 0.00%       :       2     |
|report                                  : perf/profiler:86                                  : 0.000       : 0.000       : 0.00%       :       1     |
|open                                    : [C]                                               : 0.000       : 0.000       : 0.00%       :       1     |
|CustomHelper                            : [C#]                                              : 0.000       : 0.000       : 0.00%       :       2     |
|typeof                                  : [string "Init"]:48                                : 0.000       : 0.000       : 0.00%       :       4     |
|__index                                 : [C]                                               : 0.000       : 0.000       : 0.00%       :      21     |
|setmetatable                            : [C]                                               : 0.000       : 0.000       : 0.00%       :       2     |
|HString                                 : [C#]                                              : 0.000       : 0.000       : 0.00%       :       2     |
|GetComponent                            : [C#]                                              : 0.000       : 0.000       : 0.00%       :       4     |
|getInstance                             : [C#]                                              : 0.000       : 0.000       : 0.00%       :       2     |
|Find                                    : [C#]                                              : 0.000       : 0.000       : 0.00%       :       4     |
|[anonymous]                             : CSharpCallxLua/CallLuaTable:0                     : 0.000       : 0.000       : 0.00%       :       1     |
|rawset                                  : [C]                                               : 0.000       : 0.000       : 0.00%       :       2     |
|GameObject                              : [C#]                                              : 0.000       : 0.000       : 0.00%       :       2     |
|xluaCallCSharp3                         : [C#]                                              : 0.000       : 0.000       : 0.00%       :       6     |
|rawget                                  : [C]                                               : 0.000       : 0.000       : 0.00%       :      18     |
